# JRE version: OpenJDK Runtime Environment (8.0_242-b01) (build 1.8.0_242-release-1644-b01)
# Java VM: OpenJDK 64-Bit Server VM (25.242-b01 mixed mode windows-amd64 compressed oops)
Heap:
 PSYoungGen      total 215552K, used 13692K [0x00000000e0000000, 0x00000000f3980000, 0x0000000100000000)
  eden space 195584K, 7% used [0x00000000e0000000,0x00000000e0d5f338,0x00000000ebf00000)
  from space 19968K, 0% used [0x00000000f2600000,0x00000000f2600000,0x00000000f3980000)
  to   space 21504K, 0% used [0x00000000ebf00000,0x00000000ebf00000,0x00000000ed400000)
 ParOldGen       total 312832K, used 36997K [0x00000000a0000000, 0x00000000b3180000, 0x00000000e0000000)
  object space 312832K, 11% used [0x00000000a0000000,0x00000000a2421590,0x00000000b3180000)
 Metaspace       used 57346K, capacity 59698K, committed 59864K, reserved 1101824K
  class space    used 7874K, capacity 8377K, committed 8448K, reserved 1048576K
GC Heap History (10 events):
Event: 4.622 GC heap before
{Heap before GC invocations=5 (full 1):
 PSYoungGen      total 152576K, used 46867K [0x00000000e0000000, 0x00000000ee900000, 0x0000000100000000)
  eden space 131072K, 25% used [0x00000000e0000000,0x00000000e202f528,0x00000000e8000000)
  from space 21504K, 64% used [0x00000000e8000000,0x00000000e8d95800,0x00000000e9500000)
  to   space 21504K, 0% used [0x00000000ed400000,0x00000000ed400000,0x00000000ee900000)
 ParOldGen       total 206848K, used 12987K [0x00000000a0000000, 0x00000000aca00000, 0x00000000e0000000)
  object space 206848K, 6% used [0x00000000a0000000,0x00000000a0caede0,0x00000000aca00000)
 Metaspace       used 34137K, capacity 35328K, committed 35416K, reserved 1079296K
  class space    used 4702K, capacity 4973K, committed 4992K, reserved 1048576K
Event: 4.632 GC heap after
Heap after GC invocations=5 (full 1):
 PSYoungGen      total 217088K, used 8179K [0x00000000e0000000, 0x00000000ef980000, 0x0000000100000000)
  eden space 195584K, 0% used [0x00000000e0000000,0x00000000e0000000,0x00000000ebf00000)
  from space 21504K, 38% used [0x00000000ed400000,0x00000000edbfcd80,0x00000000ee900000)
  to   space 21504K, 0% used [0x00000000ebf00000,0x00000000ebf00000,0x00000000ed400000)
 ParOldGen       total 206848K, used 12995K [0x00000000a0000000, 0x00000000aca00000, 0x00000000e0000000)
  object space 206848K, 6% used [0x00000000a0000000,0x00000000a0cb0de0,0x00000000aca00000)
 Metaspace       used 34137K, capacity 35328K, committed 35416K, reserved 1079296K
  class space    used 4702K, capacity 4973K, committed 4992K, reserved 1048576K
}
Event: 4.632 GC heap before
{Heap before GC invocations=6 (full 2):
 PSYoungGen      total 217088K, used 8179K [0x00000000e0000000, 0x00000000ef980000, 0x0000000100000000)
  eden space 195584K, 0% used [0x00000000e0000000,0x00000000e0000000,0x00000000ebf00000)
  from space 21504K, 38% used [0x00000000ed400000,0x00000000edbfcd80,0x00000000ee900000)
  to   space 21504K, 0% used [0x00000000ebf00000,0x00000000ebf00000,0x00000000ed400000)
 ParOldGen       total 206848K, used 12995K [0x00000000a0000000, 0x00000000aca00000, 0x00000000e0000000)
  object space 206848K, 6% used [0x00000000a0000000,0x00000000a0cb0de0,0x00000000aca00000)
 Metaspace       used 34137K, capacity 35328K, committed 35416K, reserved 1079296K
  class space    used 4702K, capacity 4973K, committed 4992K, reserved 1048576K
Event: 4.685 GC heap after
Heap after GC invocations=6 (full 2):
 PSYoungGen      total 217088K, used 0K [0x00000000e0000000, 0x00000000ef980000, 0x0000000100000000)
  eden space 195584K, 0% used [0x00000000e0000000,0x00000000e0000000,0x00000000ebf00000)
  from space 21504K, 0% used [0x00000000ed400000,0x00000000ed400000,0x00000000ee900000)
  to   space 21504K, 0% used [0x00000000ebf00000,0x00000000ebf00000,0x00000000ed400000)
 ParOldGen       total 312832K, used 14672K [0x00000000a0000000, 0x00000000b3180000, 0x00000000e0000000)
  object space 312832K, 4% used [0x00000000a0000000,0x00000000a0e54218,0x00000000b3180000)
 Metaspace       used 34137K, capacity 35328K, committed 35416K, reserved 1079296K
  class space    used 4702K, capacity 4973K, committed 4992K, reserved 1048576K
}
Event: 6.370 GC heap before
{Heap before GC invocations=7 (full 2):
 PSYoungGen      total 217088K, used 195584K [0x00000000e0000000, 0x00000000ef980000, 0x0000000100000000)
  eden space 195584K, 100% used [0x00000000e0000000,0x00000000ebf00000,0x00000000ebf00000)
  from space 21504K, 0% used [0x00000000ed400000,0x00000000ed400000,0x00000000ee900000)
  to   space 21504K, 0% used [0x00000000ebf00000,0x00000000ebf00000,0x00000000ed400000)
 ParOldGen       total 312832K, used 14672K [0x00000000a0000000, 0x00000000b3180000, 0x00000000e0000000)
  object space 312832K, 4% used [0x00000000a0000000,0x00000000a0e54218,0x00000000b3180000)
 Metaspace       used 45315K, capacity 47176K, committed 47448K, reserved 1089536K
  class space    used 6129K, capacity 6485K, committed 6528K, reserved 1048576K
Event: 6.388 GC heap after
Heap after GC invocations=7 (full 2):
 PSYoungGen      total 217088K, used 17958K [0x00000000e0000000, 0x00000000f3980000, 0x0000000100000000)
  eden space 195584K, 0% used [0x00000000e0000000,0x00000000e0000000,0x00000000ebf00000)
  from space 21504K, 83% used [0x00000000ebf00000,0x00000000ed089898,0x00000000ed400000)
  to   space 19968K, 0% used [0x00000000f2600000,0x00000000f2600000,0x00000000f3980000)
 ParOldGen       total 312832K, used 14680K [0x00000000a0000000, 0x00000000b3180000, 0x00000000e0000000)
  object space 312832K, 4% used [0x00000000a0000000,0x00000000a0e56218,0x00000000b3180000)
 Metaspace       used 45315K, capacity 47176K, committed 47448K, reserved 1089536K
  class space    used 6129K, capacity 6485K, committed 6528K, reserved 1048576K
}
Event: 7.918 GC heap before
{Heap before GC invocations=8 (full 2):
 PSYoungGen      total 217088K, used 167011K [0x00000000e0000000, 0x00000000f3980000, 0x0000000100000000)
  eden space 195584K, 76% used [0x00000000e0000000,0x00000000e918f430,0x00000000ebf00000)
  from space 21504K, 83% used [0x00000000ebf00000,0x00000000ed089898,0x00000000ed400000)
  to   space 19968K, 0% used [0x00000000f2600000,0x00000000f2600000,0x00000000f3980000)
 ParOldGen       total 312832K, used 14680K [0x00000000a0000000, 0x00000000b3180000, 0x00000000e0000000)
  object space 312832K, 4% used [0x00000000a0000000,0x00000000a0e56218,0x00000000b3180000)
 Metaspace       used 56555K, capacity 58852K, committed 58968K, reserved 1099776K
  class space    used 7734K, capacity 8204K, committed 8320K, reserved 1048576K
Event: 7.946 GC heap after
Heap after GC invocations=8 (full 2):
 PSYoungGen      total 215552K, used 19941K [0x00000000e0000000, 0x00000000f3980000, 0x0000000100000000)
  eden space 195584K, 0% used [0x00000000e0000000,0x00000000e0000000,0x00000000ebf00000)
  from space 19968K, 99% used [0x00000000f2600000,0x00000000f3979608,0x00000000f3980000)
  to   space 21504K, 0% used [0x00000000ebf00000,0x00000000ebf00000,0x00000000ed400000)
 ParOldGen       total 312832K, used 19942K [0x00000000a0000000, 0x00000000b3180000, 0x00000000e0000000)
  object space 312832K, 6% used [0x00000000a0000000,0x00000000a1379a90,0x00000000b3180000)
 Metaspace       used 56555K, capacity 58852K, committed 58968K, reserved 1099776K
  class space    used 7734K, capacity 8204K, committed 8320K, reserved 1048576K
}
Event: 7.946 GC heap before
{Heap before GC invocations=9 (full 3):
 PSYoungGen      total 215552K, used 19941K [0x00000000e0000000, 0x00000000f3980000, 0x0000000100000000)
  eden space 195584K, 0% used [0x00000000e0000000,0x00000000e0000000,0x00000000ebf00000)
  from space 19968K, 99% used [0x00000000f2600000,0x00000000f3979608,0x00000000f3980000)
  to   space 21504K, 0% used [0x00000000ebf00000,0x00000000ebf00000,0x00000000ed400000)
 ParOldGen       total 312832K, used 19942K [0x00000000a0000000, 0x00000000b3180000, 0x00000000e0000000)
  object space 312832K, 6% used [0x00000000a0000000,0x00000000a1379a90,0x00000000b3180000)
 Metaspace       used 56555K, capacity 58852K, committed 58968K, reserved 1099776K
  class space    used 7734K, capacity 8204K, committed 8320K, reserved 1048576K
Event: 8.132 GC heap after
Heap after GC invocations=9 (full 3):
 PSYoungGen      total 215552K, used 0K [0x00000000e0000000, 0x00000000f3980000, 0x0000000100000000)
  eden space 195584K, 0% used [0x00000000e0000000,0x00000000e0000000,0x00000000ebf00000)
  from space 19968K, 0% used [0x00000000f2600000,0x00000000f2600000,0x00000000f3980000)
  to   space 21504K, 0% used [0x00000000ebf00000,0x00000000ebf00000,0x00000000ed400000)
 ParOldGen       total 312832K, used 36997K [0x00000000a0000000, 0x00000000b3180000, 0x00000000e0000000)
  object space 312832K, 11% used [0x00000000a0000000,0x00000000a2421590,0x00000000b3180000)
 Metaspace       used 56521K, capacity 58738K, committed 58968K, reserved 1099776K
  class space    used 7724K, capacity 8185K, committed 8320K, reserved 1048576K
}

